LaTeX Compilation Errors Found:

! Unable to load picture or PDF file '../input_files/plots/step_3_Nabs_vs_sigma
_5_20260413_122634.png'.
<to be read again>
}
l.73 ...tep_3_Nabs_vs_sigma_5_20260413_122634.png}

?

! Package graphics Error: Division by 0.

See the graphics package documentation for explanation.
Type  H <return>  for immediate help.
...

l.73 ...tep_3_Nabs_vs_sigma_5_20260413_122634.png}

?

! Emergency stop.
...

l.73 ...tep_3_Nabs_vs_sigma_5_20260413_122634.png}

Output written on Results_refined.pdf (4 pages).
Transcript written on Results_refined.log.
---- STDERR ----
---- STDOUT ----
This is XeTeX, Version 3.141592653-2.6-0.999994 (TeX Live 2022/Debian) (preloaded format=xelatex)
restricted \write18 enabled.
entering extended mode

! Unable to load picture or PDF file '../input_files/plots/step_3_Nabs_vs_sigma
_5_20260413_122634.png'.
<to be read again>
}
l.73 ...tep_3_Nabs_vs_sigma_5_20260413_122634.png}

?

! Package graphics Error: Division by 0.

See the graphics package documentation for explanation.
Type  H <return>  for immediate help.
...

l.73 ...tep_3_Nabs_vs_sigma_5_20260413_122634.png}

?

! Emergency stop.
...

l.73 ...tep_3_Nabs_vs_sigma_5_20260413_122634.png}

Output written on Results_refined_v1.pdf (4 pages).
Transcript written on Results_refined_v1.log.
---- STDERR ----
---- STDOUT ----
This is XeTeX, Version 3.141592653-2.6-0.999994 (TeX Live 2022/Debian) (preloaded format=xelatex)
restricted \write18 enabled.
entering extended mode

! Unable to load picture or PDF file '../input_files/plots/step_3_Nabs_vs_sigma
_5_20260413_122634.png'.
<to be read again>
}
l.73 ...tep_3_Nabs_vs_sigma_5_20260413_122634.png}

?

! Package graphics Error: Division by 0.

See the graphics package documentation for explanation.
Type  H <return>  for immediate help.
...

l.73 ...tep_3_Nabs_vs_sigma_5_20260413_122634.png}

?

! Emergency stop.
...

l.73 ...tep_3_Nabs_vs_sigma_5_20260413_122634.png}

Output written on Results_refined_v2.pdf (4 pages).
Transcript written on Results_refined_v2.log.
---- STDERR ----
---- STDOUT ----
This is XeTeX, Version 3.141592653-2.6-0.999994 (TeX Live 2022/Debian) (preloaded format=xelatex)
restricted \write18 enabled.
entering extended mode

! Unable to load picture or PDF file '../input_files/plots/step_3_Nabs_vs_sigma
_5_20260413_122634.png'.
<to be read again>
}
l.73 ...tep_3_Nabs_vs_sigma_5_20260413_122634.png}

?

! Package graphics Error: Division by 0.

See the graphics package documentation for explanation.
Type  H <return>  for immediate help.
...

l.73 ...tep_3_Nabs_vs_sigma_5_20260413_122634.png}

?

! Emergency stop.
...

l.73 ...tep_3_Nabs_vs_sigma_5_20260413_122634.png}

Output written on Results_refined_v3.pdf (4 pages).
Transcript written on Results_refined_v3.log.
---- STDERR ----
---- STDOUT ----
This is XeTeX, Version 3.141592653-2.6-0.999994 (TeX Live 2022/Debian) (preloaded format=xelatex)
restricted \write18 enabled.
entering extended mode

! Unable to load picture or PDF file '../input_files/plots/step_3_Nabs_vs_sigma
_5_20260413_122634.png'.
<to be read again>
}
l.73 ...tep_3_Nabs_vs_sigma_5_20260413_122634.png}

?

! Package graphics Error: Division by 0.

See the graphics package documentation for explanation.
Type  H <return>  for immediate help.
...

l.73 ...tep_3_Nabs_vs_sigma_5_20260413_122634.png}

?

! Emergency stop.
...

l.73 ...tep_3_Nabs_vs_sigma_5_20260413_122634.png}

Output written on Results_refined.pdf (4 pages).
Transcript written on Results_refined.log.
---- STDERR ----
---- STDOUT ----
This is XeTeX, Version 3.141592653-2.6-0.999994 (TeX Live 2022/Debian) (preloaded format=xelatex)
restricted \write18 enabled.
entering extended mode

! Unable to load picture or PDF file '../input_files/plots/step_3_Nabs_vs_sigma
_5_20260413_122634.png'.
<to be read again>
}
l.73 ...tep_3_Nabs_vs_sigma_5_20260413_122634.png}

?

! Package graphics Error: Division by 0.

See the graphics package documentation for explanation.
Type  H <return>  for immediate help.
...

l.73 ...tep_3_Nabs_vs_sigma_5_20260413_122634.png}

?

! Emergency stop.
...

l.73 ...tep_3_Nabs_vs_sigma_5_20260413_122634.png}

Output written on Results_refined_v1.pdf (4 pages).
Transcript written on Results_refined_v1.log.
---- STDERR ----
---- STDOUT ----
This is XeTeX, Version 3.141592653-2.6-0.999994 (TeX Live 2022/Debian) (preloaded format=xelatex)
restricted \write18 enabled.
entering extended mode

! Unable to load picture or PDF file '../input_files/plots/step_3_Nabs_vs_sigma
_5_20260413_122634.png'.
<to be read again>
}
l.73 ...tep_3_Nabs_vs_sigma_5_20260413_122634.png}

?

! Package graphics Error: Division by 0.

See the graphics package documentation for explanation.
Type  H <return>  for immediate help.
...

l.73 ...tep_3_Nabs_vs_sigma_5_20260413_122634.png}

?

! Emergency stop.
...

l.73 ...tep_3_Nabs_vs_sigma_5_20260413_122634.png}

Output written on Results_refined_v2.pdf (4 pages).
Transcript written on Results_refined_v2.log.
---- STDERR ----
---- STDOUT ----
This is XeTeX, Version 3.141592653-2.6-0.999994 (TeX Live 2022/Debian) (preloaded format=xelatex)
restricted \write18 enabled.
entering extended mode

! Unable to load picture or PDF file '../input_files/plots/step_3_Nabs_vs_sigma
_5_20260413_122634.png'.
<to be read again>
}
l.73 ...tep_3_Nabs_vs_sigma_5_20260413_122634.png}

?

! Package graphics Error: Division by 0.

See the graphics package documentation for explanation.
Type  H <return>  for immediate help.
...

l.73 ...tep_3_Nabs_vs_sigma_5_20260413_122634.png}

?

! Emergency stop.
...

l.73 ...tep_3_Nabs_vs_sigma_5_20260413_122634.png}

Output written on Results_refined_v3.pdf (4 pages).
Transcript written on Results_refined_v3.log.
---- STDERR ----
---- STDOUT ----
This is XeTeX, Version 3.141592653-2.6-0.999994 (TeX Live 2022/Debian) (preloaded format=xelatex)
restricted \write18 enabled.
entering extended mode

! Unable to load picture or PDF file '../input_files/plots/step_3_Nabs_vs_sigma
_5_20260413_122634.png'.
<to be read again>
}
l.71 ...tep_3_Nabs_vs_sigma_5_20260413_122634.png}

?

! Package graphics Error: Division by 0.

See the graphics package documentation for explanation.
Type  H <return>  for immediate help.
...

l.71 ...tep_3_Nabs_vs_sigma_5_20260413_122634.png}

?

! Emergency stop.
...

l.71 ...tep_3_Nabs_vs_sigma_5_20260413_122634.png}

Output written on Results_refined.pdf (4 pages).
Transcript written on Results_refined.log.
---- STDERR ----
---- STDOUT ----
This is XeTeX, Version 3.141592653-2.6-0.999994 (TeX Live 2022/Debian) (preloaded format=xelatex)
restricted \write18 enabled.
entering extended mode

! Unable to load picture or PDF file '../input_files/plots/step_3_Nabs_vs_sigma
_5_20260413_122634.png'.
<to be read again>
}
l.71 ...tep_3_Nabs_vs_sigma_5_20260413_122634.png}

?

! Package graphics Error: Division by 0.

See the graphics package documentation for explanation.
Type  H <return>  for immediate help.
...

l.71 ...tep_3_Nabs_vs_sigma_5_20260413_122634.png}

?

! Emergency stop.
...

l.71 ...tep_3_Nabs_vs_sigma_5_20260413_122634.png}

Output written on Results_refined_v1.pdf (4 pages).
Transcript written on Results_refined_v1.log.
---- STDERR ----
---- STDOUT ----
This is XeTeX, Version 3.141592653-2.6-0.999994 (TeX Live 2022/Debian) (preloaded format=xelatex)
restricted \write18 enabled.
entering extended mode

! Unable to load picture or PDF file '../input_files/plots/step_3_Nabs_vs_sigma
_5_20260413_122634.png'.
<to be read again>
}
l.71 ...tep_3_Nabs_vs_sigma_5_20260413_122634.png}

?

! Package graphics Error: Division by 0.

See the graphics package documentation for explanation.
Type  H <return>  for immediate help.
...

l.71 ...tep_3_Nabs_vs_sigma_5_20260413_122634.png}

?

! Emergency stop.
...

l.71 ...tep_3_Nabs_vs_sigma_5_20260413_122634.png}

Output written on Results_refined_v2.pdf (4 pages).
Transcript written on Results_refined_v2.log.
---- STDERR ----
---- STDOUT ----
This is XeTeX, Version 3.141592653-2.6-0.999994 (TeX Live 2022/Debian) (preloaded format=xelatex)
restricted \write18 enabled.
entering extended mode

! Unable to load picture or PDF file '../input_files/plots/step_3_Nabs_vs_sigma
_5_20260413_122634.png'.
<to be read again>
}
l.71 ...tep_3_Nabs_vs_sigma_5_20260413_122634.png}

?

! Package graphics Error: Division by 0.

See the graphics package documentation for explanation.
Type  H <return>  for immediate help.
...

l.71 ...tep_3_Nabs_vs_sigma_5_20260413_122634.png}

?

! Emergency stop.
...

l.71 ...tep_3_Nabs_vs_sigma_5_20260413_122634.png}

Output written on Results_refined_v3.pdf (4 pages).
Transcript written on Results_refined_v3.log.
---- STDERR ----

