---- STDOUT ----
This is XeTeX, Version 3.141592653-2.6-0.999994 (TeX Live 2022/Debian) (preloaded format=xelatex)
 restricted \write18 enabled.
entering extended mode
(./Results_refined.tex
LaTeX2e <2022-11-01> patch level 1
L3 programming layer <2023-01-16>
(/usr/share/texlive/texmf-dist/tex/latex/base/article.cls
Document Class: article 2022/07/02 v1.4n Standard LaTeX document class
(/usr/share/texlive/texmf-dist/tex/latex/base/size10.clo))
(/usr/share/texlive/texmf-dist/tex/latex/amsmath/amsmath.sty
For additional information on amsmath, use the `?' option.
(/usr/share/texlive/texmf-dist/tex/latex/amsmath/amstext.sty
(/usr/share/texlive/texmf-dist/tex/latex/amsmath/amsgen.sty))
(/usr/share/texlive/texmf-dist/tex/latex/amsmath/amsbsy.sty)
(/usr/share/texlive/texmf-dist/tex/latex/amsmath/amsopn.sty))
(/usr/share/texlive/texmf-dist/tex/latex/multirow/multirow.sty)
(/usr/share/texlive/texmf-dist/tex/latex/natbib/natbib.sty)
(/usr/share/texlive/texmf-dist/tex/latex/graphics/graphicx.sty
(/usr/share/texlive/texmf-dist/tex/latex/graphics/keyval.sty)
(/usr/share/texlive/texmf-dist/tex/latex/graphics/graphics.sty
(/usr/share/texlive/texmf-dist/tex/latex/graphics/trig.sty)
(/usr/share/texlive/texmf-dist/tex/latex/graphics-cfg/graphics.cfg)
(/usr/share/texlive/texmf-dist/tex/latex/graphics-def/xetex.def)))
(/usr/share/texlive/texmf-dist/tex/latex/l3backend/l3backend-xetex.def)
No file Results_refined.aux.
(/usr/share/texlive/texmf-dist/tex/latex/base/ts1cmr.fd)

LaTeX Warning: Reference `fig:image0' on page 1 undefined on input line 17.


LaTeX Warning: Reference `fig:image0' on page 1 undefined on input line 19.


LaTeX Warning: Reference `fig:image2' on page 1 undefined on input line 19.


LaTeX Warning: `!h' float specifier changed to `!ht'.


LaTeX Warning: Reference `fig:image0' on page 1 undefined on input line 37.

[1]

LaTeX Warning: Reference `fig:image1' on page 2 undefined on input line 39.

[2]

LaTeX Warning: Reference `fig:image5' on page 3 undefined on input line 52.

[3]
Overfull \hbox (2.14803pt too wide) in paragraph at lines 63--63
[]\TU/lmr/bx/n/12 Projected constraints on the dark matter-baryon cross-

LaTeX Warning: Reference `fig:image3' on page 4 undefined on input line 65.


LaTeX Warning: Reference `fig:image4' on page 4 undefined on input line 67.

[4]

LaTeX Warning: File `../input_files/plots/step_3_Nabs_vs_sigma_5_20260413_12263
4.png' not found on input line 73.

! Unable to load picture or PDF file '../input_files/plots/step_3_Nabs_vs_sigma
_5_20260413_122634.png'.
<to be read again> 
                   }
l.73 ...tep_3_Nabs_vs_sigma_5_20260413_122634.png}
                                                  
? 
! Package graphics Error: Division by 0.

See the graphics package documentation for explanation.
Type  H <return>  for immediate help.
 ...                                              
                                                  
l.73 ...tep_3_Nabs_vs_sigma_5_20260413_122634.png}
                                                  
? 
! Emergency stop.
 ...                                              
                                                  
l.73 ...tep_3_Nabs_vs_sigma_5_20260413_122634.png}
                                                  
Output written on Results_refined.pdf (4 pages).
Transcript written on Results_refined.log.
---- STDERR ----
---- STDOUT ----
This is XeTeX, Version 3.141592653-2.6-0.999994 (TeX Live 2022/Debian) (preloaded format=xelatex)
 restricted \write18 enabled.
entering extended mode
(./Results_refined_v1.tex
LaTeX2e <2022-11-01> patch level 1
L3 programming layer <2023-01-16>
(/usr/share/texlive/texmf-dist/tex/latex/base/article.cls
Document Class: article 2022/07/02 v1.4n Standard LaTeX document class
(/usr/share/texlive/texmf-dist/tex/latex/base/size10.clo))
(/usr/share/texlive/texmf-dist/tex/latex/amsmath/amsmath.sty
For additional information on amsmath, use the `?' option.
(/usr/share/texlive/texmf-dist/tex/latex/amsmath/amstext.sty
(/usr/share/texlive/texmf-dist/tex/latex/amsmath/amsgen.sty))
(/usr/share/texlive/texmf-dist/tex/latex/amsmath/amsbsy.sty)
(/usr/share/texlive/texmf-dist/tex/latex/amsmath/amsopn.sty))
(/usr/share/texlive/texmf-dist/tex/latex/multirow/multirow.sty)
(/usr/share/texlive/texmf-dist/tex/latex/natbib/natbib.sty)
(/usr/share/texlive/texmf-dist/tex/latex/graphics/graphicx.sty
(/usr/share/texlive/texmf-dist/tex/latex/graphics/keyval.sty)
(/usr/share/texlive/texmf-dist/tex/latex/graphics/graphics.sty
(/usr/share/texlive/texmf-dist/tex/latex/graphics/trig.sty)
(/usr/share/texlive/texmf-dist/tex/latex/graphics-cfg/graphics.cfg)
(/usr/share/texlive/texmf-dist/tex/latex/graphics-def/xetex.def)))
(/usr/share/texlive/texmf-dist/tex/latex/l3backend/l3backend-xetex.def)
No file Results_refined_v1.aux.
(/usr/share/texlive/texmf-dist/tex/latex/base/ts1cmr.fd)

LaTeX Warning: Reference `fig:image0' on page 1 undefined on input line 17.


LaTeX Warning: Reference `fig:image0' on page 1 undefined on input line 19.


LaTeX Warning: Reference `fig:image2' on page 1 undefined on input line 19.


LaTeX Warning: `!h' float specifier changed to `!ht'.


LaTeX Warning: Reference `fig:image0' on page 1 undefined on input line 37.

[1]

LaTeX Warning: Reference `fig:image1' on page 2 undefined on input line 39.

[2]

LaTeX Warning: Reference `fig:image5' on page 3 undefined on input line 52.

[3]
Overfull \hbox (2.14803pt too wide) in paragraph at lines 63--63
[]\TU/lmr/bx/n/12 Projected constraints on the dark matter-baryon cross-

LaTeX Warning: Reference `fig:image3' on page 4 undefined on input line 65.


LaTeX Warning: Reference `fig:image4' on page 4 undefined on input line 67.

[4]

LaTeX Warning: File `../input_files/plots/step_3_Nabs_vs_sigma_5_20260413_12263
4.png' not found on input line 73.

! Unable to load picture or PDF file '../input_files/plots/step_3_Nabs_vs_sigma
_5_20260413_122634.png'.
<to be read again> 
                   }
l.73 ...tep_3_Nabs_vs_sigma_5_20260413_122634.png}
                                                  
? 
! Package graphics Error: Division by 0.

See the graphics package documentation for explanation.
Type  H <return>  for immediate help.
 ...                                              
                                                  
l.73 ...tep_3_Nabs_vs_sigma_5_20260413_122634.png}
                                                  
? 
! Emergency stop.
 ...                                              
                                                  
l.73 ...tep_3_Nabs_vs_sigma_5_20260413_122634.png}
                                                  
Output written on Results_refined_v1.pdf (4 pages).
Transcript written on Results_refined_v1.log.
---- STDERR ----
---- STDOUT ----
This is XeTeX, Version 3.141592653-2.6-0.999994 (TeX Live 2022/Debian) (preloaded format=xelatex)
 restricted \write18 enabled.
entering extended mode
(./Results_refined_v2.tex
LaTeX2e <2022-11-01> patch level 1
L3 programming layer <2023-01-16>
(/usr/share/texlive/texmf-dist/tex/latex/base/article.cls
Document Class: article 2022/07/02 v1.4n Standard LaTeX document class
(/usr/share/texlive/texmf-dist/tex/latex/base/size10.clo))
(/usr/share/texlive/texmf-dist/tex/latex/amsmath/amsmath.sty
For additional information on amsmath, use the `?' option.
(/usr/share/texlive/texmf-dist/tex/latex/amsmath/amstext.sty
(/usr/share/texlive/texmf-dist/tex/latex/amsmath/amsgen.sty))
(/usr/share/texlive/texmf-dist/tex/latex/amsmath/amsbsy.sty)
(/usr/share/texlive/texmf-dist/tex/latex/amsmath/amsopn.sty))
(/usr/share/texlive/texmf-dist/tex/latex/multirow/multirow.sty)
(/usr/share/texlive/texmf-dist/tex/latex/natbib/natbib.sty)
(/usr/share/texlive/texmf-dist/tex/latex/graphics/graphicx.sty
(/usr/share/texlive/texmf-dist/tex/latex/graphics/keyval.sty)
(/usr/share/texlive/texmf-dist/tex/latex/graphics/graphics.sty
(/usr/share/texlive/texmf-dist/tex/latex/graphics/trig.sty)
(/usr/share/texlive/texmf-dist/tex/latex/graphics-cfg/graphics.cfg)
(/usr/share/texlive/texmf-dist/tex/latex/graphics-def/xetex.def)))
(/usr/share/texlive/texmf-dist/tex/latex/l3backend/l3backend-xetex.def)
No file Results_refined_v2.aux.
(/usr/share/texlive/texmf-dist/tex/latex/base/ts1cmr.fd)

LaTeX Warning: Reference `fig:image0' on page 1 undefined on input line 17.


LaTeX Warning: Reference `fig:image0' on page 1 undefined on input line 19.


LaTeX Warning: Reference `fig:image2' on page 1 undefined on input line 19.


LaTeX Warning: `!h' float specifier changed to `!ht'.


LaTeX Warning: Reference `fig:image0' on page 1 undefined on input line 37.

[1]

LaTeX Warning: Reference `fig:image1' on page 2 undefined on input line 39.

[2]

LaTeX Warning: Reference `fig:image5' on page 3 undefined on input line 52.

[3]
Overfull \hbox (2.14803pt too wide) in paragraph at lines 63--63
[]\TU/lmr/bx/n/12 Projected constraints on the dark matter-baryon cross-

LaTeX Warning: Reference `fig:image3' on page 4 undefined on input line 65.


LaTeX Warning: Reference `fig:image4' on page 4 undefined on input line 67.

[4]

LaTeX Warning: File `../input_files/plots/step_3_Nabs_vs_sigma_5_20260413_12263
4.png' not found on input line 73.

! Unable to load picture or PDF file '../input_files/plots/step_3_Nabs_vs_sigma
_5_20260413_122634.png'.
<to be read again> 
                   }
l.73 ...tep_3_Nabs_vs_sigma_5_20260413_122634.png}
                                                  
? 
! Package graphics Error: Division by 0.

See the graphics package documentation for explanation.
Type  H <return>  for immediate help.
 ...                                              
                                                  
l.73 ...tep_3_Nabs_vs_sigma_5_20260413_122634.png}
                                                  
? 
! Emergency stop.
 ...                                              
                                                  
l.73 ...tep_3_Nabs_vs_sigma_5_20260413_122634.png}
                                                  
Output written on Results_refined_v2.pdf (4 pages).
Transcript written on Results_refined_v2.log.
---- STDERR ----
---- STDOUT ----
This is XeTeX, Version 3.141592653-2.6-0.999994 (TeX Live 2022/Debian) (preloaded format=xelatex)
 restricted \write18 enabled.
entering extended mode
(./Results_refined_v3.tex
LaTeX2e <2022-11-01> patch level 1
L3 programming layer <2023-01-16>
(/usr/share/texlive/texmf-dist/tex/latex/base/article.cls
Document Class: article 2022/07/02 v1.4n Standard LaTeX document class
(/usr/share/texlive/texmf-dist/tex/latex/base/size10.clo))
(/usr/share/texlive/texmf-dist/tex/latex/amsmath/amsmath.sty
For additional information on amsmath, use the `?' option.
(/usr/share/texlive/texmf-dist/tex/latex/amsmath/amstext.sty
(/usr/share/texlive/texmf-dist/tex/latex/amsmath/amsgen.sty))
(/usr/share/texlive/texmf-dist/tex/latex/amsmath/amsbsy.sty)
(/usr/share/texlive/texmf-dist/tex/latex/amsmath/amsopn.sty))
(/usr/share/texlive/texmf-dist/tex/latex/multirow/multirow.sty)
(/usr/share/texlive/texmf-dist/tex/latex/natbib/natbib.sty)
(/usr/share/texlive/texmf-dist/tex/latex/graphics/graphicx.sty
(/usr/share/texlive/texmf-dist/tex/latex/graphics/keyval.sty)
(/usr/share/texlive/texmf-dist/tex/latex/graphics/graphics.sty
(/usr/share/texlive/texmf-dist/tex/latex/graphics/trig.sty)
(/usr/share/texlive/texmf-dist/tex/latex/graphics-cfg/graphics.cfg)
(/usr/share/texlive/texmf-dist/tex/latex/graphics-def/xetex.def)))
(/usr/share/texlive/texmf-dist/tex/latex/l3backend/l3backend-xetex.def)
No file Results_refined_v3.aux.
(/usr/share/texlive/texmf-dist/tex/latex/base/ts1cmr.fd)

LaTeX Warning: Reference `fig:image0' on page 1 undefined on input line 17.


LaTeX Warning: Reference `fig:image0' on page 1 undefined on input line 19.


LaTeX Warning: Reference `fig:image2' on page 1 undefined on input line 19.


LaTeX Warning: `!h' float specifier changed to `!ht'.


LaTeX Warning: Reference `fig:image0' on page 1 undefined on input line 37.

[1]

LaTeX Warning: Reference `fig:image1' on page 2 undefined on input line 39.

[2]

LaTeX Warning: Reference `fig:image5' on page 3 undefined on input line 52.

[3]
Overfull \hbox (2.14803pt too wide) in paragraph at lines 63--63
[]\TU/lmr/bx/n/12 Projected constraints on the dark matter-baryon cross-

LaTeX Warning: Reference `fig:image3' on page 4 undefined on input line 65.


LaTeX Warning: Reference `fig:image4' on page 4 undefined on input line 67.

[4]

LaTeX Warning: File `../input_files/plots/step_3_Nabs_vs_sigma_5_20260413_12263
4.png' not found on input line 73.

! Unable to load picture or PDF file '../input_files/plots/step_3_Nabs_vs_sigma
_5_20260413_122634.png'.
<to be read again> 
                   }
l.73 ...tep_3_Nabs_vs_sigma_5_20260413_122634.png}
                                                  
? 
! Package graphics Error: Division by 0.

See the graphics package documentation for explanation.
Type  H <return>  for immediate help.
 ...                                              
                                                  
l.73 ...tep_3_Nabs_vs_sigma_5_20260413_122634.png}
                                                  
? 
! Emergency stop.
 ...                                              
                                                  
l.73 ...tep_3_Nabs_vs_sigma_5_20260413_122634.png}
                                                  
Output written on Results_refined_v3.pdf (4 pages).
Transcript written on Results_refined_v3.log.
---- STDERR ----
---- STDOUT ----
This is XeTeX, Version 3.141592653-2.6-0.999994 (TeX Live 2022/Debian) (preloaded format=xelatex)
 restricted \write18 enabled.
entering extended mode
(./Results_refined.tex
LaTeX2e <2022-11-01> patch level 1
L3 programming layer <2023-01-16>
(/usr/share/texlive/texmf-dist/tex/latex/base/article.cls
Document Class: article 2022/07/02 v1.4n Standard LaTeX document class
(/usr/share/texlive/texmf-dist/tex/latex/base/size10.clo))
(/usr/share/texlive/texmf-dist/tex/latex/amsmath/amsmath.sty
For additional information on amsmath, use the `?' option.
(/usr/share/texlive/texmf-dist/tex/latex/amsmath/amstext.sty
(/usr/share/texlive/texmf-dist/tex/latex/amsmath/amsgen.sty))
(/usr/share/texlive/texmf-dist/tex/latex/amsmath/amsbsy.sty)
(/usr/share/texlive/texmf-dist/tex/latex/amsmath/amsopn.sty))
(/usr/share/texlive/texmf-dist/tex/latex/multirow/multirow.sty)
(/usr/share/texlive/texmf-dist/tex/latex/natbib/natbib.sty)
(/usr/share/texlive/texmf-dist/tex/latex/graphics/graphicx.sty
(/usr/share/texlive/texmf-dist/tex/latex/graphics/keyval.sty)
(/usr/share/texlive/texmf-dist/tex/latex/graphics/graphics.sty
(/usr/share/texlive/texmf-dist/tex/latex/graphics/trig.sty)
(/usr/share/texlive/texmf-dist/tex/latex/graphics-cfg/graphics.cfg)
(/usr/share/texlive/texmf-dist/tex/latex/graphics-def/xetex.def)))
(/usr/share/texlive/texmf-dist/tex/latex/l3backend/l3backend-xetex.def)
No file Results_refined.aux.
(/usr/share/texlive/texmf-dist/tex/latex/base/ts1cmr.fd)

LaTeX Warning: Reference `fig:image0' on page 1 undefined on input line 17.


LaTeX Warning: Reference `fig:image0' on page 1 undefined on input line 19.


LaTeX Warning: Reference `fig:image2' on page 1 undefined on input line 19.


LaTeX Warning: `!h' float specifier changed to `!ht'.


LaTeX Warning: Reference `fig:image0' on page 1 undefined on input line 37.

[1]

LaTeX Warning: Reference `fig:image1' on page 2 undefined on input line 39.

[2]

LaTeX Warning: Reference `fig:image5' on page 3 undefined on input line 52.

[3]
Overfull \hbox (2.14803pt too wide) in paragraph at lines 63--63
[]\TU/lmr/bx/n/12 Projected constraints on the dark matter-baryon cross-

LaTeX Warning: Reference `fig:image3' on page 4 undefined on input line 65.


LaTeX Warning: Reference `fig:image4' on page 4 undefined on input line 67.

[4]

LaTeX Warning: File `../input_files/plots/step_3_Nabs_vs_sigma_5_20260413_12263
4.png' not found on input line 73.

! Unable to load picture or PDF file '../input_files/plots/step_3_Nabs_vs_sigma
_5_20260413_122634.png'.
<to be read again> 
                   }
l.73 ...tep_3_Nabs_vs_sigma_5_20260413_122634.png}
                                                  
? 
! Package graphics Error: Division by 0.

See the graphics package documentation for explanation.
Type  H <return>  for immediate help.
 ...                                              
                                                  
l.73 ...tep_3_Nabs_vs_sigma_5_20260413_122634.png}
                                                  
? 
! Emergency stop.
 ...                                              
                                                  
l.73 ...tep_3_Nabs_vs_sigma_5_20260413_122634.png}
                                                  
Output written on Results_refined.pdf (4 pages).
Transcript written on Results_refined.log.
---- STDERR ----
---- STDOUT ----
This is XeTeX, Version 3.141592653-2.6-0.999994 (TeX Live 2022/Debian) (preloaded format=xelatex)
 restricted \write18 enabled.
entering extended mode
(./Results_refined_v1.tex
LaTeX2e <2022-11-01> patch level 1
L3 programming layer <2023-01-16>
(/usr/share/texlive/texmf-dist/tex/latex/base/article.cls
Document Class: article 2022/07/02 v1.4n Standard LaTeX document class
(/usr/share/texlive/texmf-dist/tex/latex/base/size10.clo))
(/usr/share/texlive/texmf-dist/tex/latex/amsmath/amsmath.sty
For additional information on amsmath, use the `?' option.
(/usr/share/texlive/texmf-dist/tex/latex/amsmath/amstext.sty
(/usr/share/texlive/texmf-dist/tex/latex/amsmath/amsgen.sty))
(/usr/share/texlive/texmf-dist/tex/latex/amsmath/amsbsy.sty)
(/usr/share/texlive/texmf-dist/tex/latex/amsmath/amsopn.sty))
(/usr/share/texlive/texmf-dist/tex/latex/multirow/multirow.sty)
(/usr/share/texlive/texmf-dist/tex/latex/natbib/natbib.sty)
(/usr/share/texlive/texmf-dist/tex/latex/graphics/graphicx.sty
(/usr/share/texlive/texmf-dist/tex/latex/graphics/keyval.sty)
(/usr/share/texlive/texmf-dist/tex/latex/graphics/graphics.sty
(/usr/share/texlive/texmf-dist/tex/latex/graphics/trig.sty)
(/usr/share/texlive/texmf-dist/tex/latex/graphics-cfg/graphics.cfg)
(/usr/share/texlive/texmf-dist/tex/latex/graphics-def/xetex.def)))
(/usr/share/texlive/texmf-dist/tex/latex/l3backend/l3backend-xetex.def)
No file Results_refined_v1.aux.
(/usr/share/texlive/texmf-dist/tex/latex/base/ts1cmr.fd)

LaTeX Warning: Reference `fig:image0' on page 1 undefined on input line 17.


LaTeX Warning: Reference `fig:image0' on page 1 undefined on input line 19.


LaTeX Warning: Reference `fig:image2' on page 1 undefined on input line 19.


LaTeX Warning: `!h' float specifier changed to `!ht'.


LaTeX Warning: Reference `fig:image0' on page 1 undefined on input line 37.

[1]

LaTeX Warning: Reference `fig:image1' on page 2 undefined on input line 39.

[2]

LaTeX Warning: Reference `fig:image5' on page 3 undefined on input line 52.

[3]
Overfull \hbox (2.14803pt too wide) in paragraph at lines 63--63
[]\TU/lmr/bx/n/12 Projected constraints on the dark matter-baryon cross-

LaTeX Warning: Reference `fig:image3' on page 4 undefined on input line 65.


LaTeX Warning: Reference `fig:image4' on page 4 undefined on input line 67.

[4]

LaTeX Warning: File `../input_files/plots/step_3_Nabs_vs_sigma_5_20260413_12263
4.png' not found on input line 73.

! Unable to load picture or PDF file '../input_files/plots/step_3_Nabs_vs_sigma
_5_20260413_122634.png'.
<to be read again> 
                   }
l.73 ...tep_3_Nabs_vs_sigma_5_20260413_122634.png}
                                                  
? 
! Package graphics Error: Division by 0.

See the graphics package documentation for explanation.
Type  H <return>  for immediate help.
 ...                                              
                                                  
l.73 ...tep_3_Nabs_vs_sigma_5_20260413_122634.png}
                                                  
? 
! Emergency stop.
 ...                                              
                                                  
l.73 ...tep_3_Nabs_vs_sigma_5_20260413_122634.png}
                                                  
Output written on Results_refined_v1.pdf (4 pages).
Transcript written on Results_refined_v1.log.
---- STDERR ----
---- STDOUT ----
This is XeTeX, Version 3.141592653-2.6-0.999994 (TeX Live 2022/Debian) (preloaded format=xelatex)
 restricted \write18 enabled.
entering extended mode
(./Results_refined_v2.tex
LaTeX2e <2022-11-01> patch level 1
L3 programming layer <2023-01-16>
(/usr/share/texlive/texmf-dist/tex/latex/base/article.cls
Document Class: article 2022/07/02 v1.4n Standard LaTeX document class
(/usr/share/texlive/texmf-dist/tex/latex/base/size10.clo))
(/usr/share/texlive/texmf-dist/tex/latex/amsmath/amsmath.sty
For additional information on amsmath, use the `?' option.
(/usr/share/texlive/texmf-dist/tex/latex/amsmath/amstext.sty
(/usr/share/texlive/texmf-dist/tex/latex/amsmath/amsgen.sty))
(/usr/share/texlive/texmf-dist/tex/latex/amsmath/amsbsy.sty)
(/usr/share/texlive/texmf-dist/tex/latex/amsmath/amsopn.sty))
(/usr/share/texlive/texmf-dist/tex/latex/multirow/multirow.sty)
(/usr/share/texlive/texmf-dist/tex/latex/natbib/natbib.sty)
(/usr/share/texlive/texmf-dist/tex/latex/graphics/graphicx.sty
(/usr/share/texlive/texmf-dist/tex/latex/graphics/keyval.sty)
(/usr/share/texlive/texmf-dist/tex/latex/graphics/graphics.sty
(/usr/share/texlive/texmf-dist/tex/latex/graphics/trig.sty)
(/usr/share/texlive/texmf-dist/tex/latex/graphics-cfg/graphics.cfg)
(/usr/share/texlive/texmf-dist/tex/latex/graphics-def/xetex.def)))
(/usr/share/texlive/texmf-dist/tex/latex/l3backend/l3backend-xetex.def)
No file Results_refined_v2.aux.
(/usr/share/texlive/texmf-dist/tex/latex/base/ts1cmr.fd)

LaTeX Warning: Reference `fig:image0' on page 1 undefined on input line 17.


LaTeX Warning: Reference `fig:image0' on page 1 undefined on input line 19.


LaTeX Warning: Reference `fig:image2' on page 1 undefined on input line 19.


LaTeX Warning: `!h' float specifier changed to `!ht'.


LaTeX Warning: Reference `fig:image0' on page 1 undefined on input line 37.

[1]

LaTeX Warning: Reference `fig:image1' on page 2 undefined on input line 39.

[2]

LaTeX Warning: Reference `fig:image5' on page 3 undefined on input line 52.

[3]
Overfull \hbox (2.14803pt too wide) in paragraph at lines 63--63
[]\TU/lmr/bx/n/12 Projected constraints on the dark matter-baryon cross-

LaTeX Warning: Reference `fig:image3' on page 4 undefined on input line 65.


LaTeX Warning: Reference `fig:image4' on page 4 undefined on input line 67.

[4]

LaTeX Warning: File `../input_files/plots/step_3_Nabs_vs_sigma_5_20260413_12263
4.png' not found on input line 73.

! Unable to load picture or PDF file '../input_files/plots/step_3_Nabs_vs_sigma
_5_20260413_122634.png'.
<to be read again> 
                   }
l.73 ...tep_3_Nabs_vs_sigma_5_20260413_122634.png}
                                                  
? 
! Package graphics Error: Division by 0.

See the graphics package documentation for explanation.
Type  H <return>  for immediate help.
 ...                                              
                                                  
l.73 ...tep_3_Nabs_vs_sigma_5_20260413_122634.png}
                                                  
? 
! Emergency stop.
 ...                                              
                                                  
l.73 ...tep_3_Nabs_vs_sigma_5_20260413_122634.png}
                                                  
Output written on Results_refined_v2.pdf (4 pages).
Transcript written on Results_refined_v2.log.
---- STDERR ----
---- STDOUT ----
This is XeTeX, Version 3.141592653-2.6-0.999994 (TeX Live 2022/Debian) (preloaded format=xelatex)
 restricted \write18 enabled.
entering extended mode
(./Results_refined_v3.tex
LaTeX2e <2022-11-01> patch level 1
L3 programming layer <2023-01-16>
(/usr/share/texlive/texmf-dist/tex/latex/base/article.cls
Document Class: article 2022/07/02 v1.4n Standard LaTeX document class
(/usr/share/texlive/texmf-dist/tex/latex/base/size10.clo))
(/usr/share/texlive/texmf-dist/tex/latex/amsmath/amsmath.sty
For additional information on amsmath, use the `?' option.
(/usr/share/texlive/texmf-dist/tex/latex/amsmath/amstext.sty
(/usr/share/texlive/texmf-dist/tex/latex/amsmath/amsgen.sty))
(/usr/share/texlive/texmf-dist/tex/latex/amsmath/amsbsy.sty)
(/usr/share/texlive/texmf-dist/tex/latex/amsmath/amsopn.sty))
(/usr/share/texlive/texmf-dist/tex/latex/multirow/multirow.sty)
(/usr/share/texlive/texmf-dist/tex/latex/natbib/natbib.sty)
(/usr/share/texlive/texmf-dist/tex/latex/graphics/graphicx.sty
(/usr/share/texlive/texmf-dist/tex/latex/graphics/keyval.sty)
(/usr/share/texlive/texmf-dist/tex/latex/graphics/graphics.sty
(/usr/share/texlive/texmf-dist/tex/latex/graphics/trig.sty)
(/usr/share/texlive/texmf-dist/tex/latex/graphics-cfg/graphics.cfg)
(/usr/share/texlive/texmf-dist/tex/latex/graphics-def/xetex.def)))
(/usr/share/texlive/texmf-dist/tex/latex/l3backend/l3backend-xetex.def)
No file Results_refined_v3.aux.
(/usr/share/texlive/texmf-dist/tex/latex/base/ts1cmr.fd)

LaTeX Warning: Reference `fig:image0' on page 1 undefined on input line 17.


LaTeX Warning: Reference `fig:image0' on page 1 undefined on input line 19.


LaTeX Warning: Reference `fig:image2' on page 1 undefined on input line 19.


LaTeX Warning: `!h' float specifier changed to `!ht'.


LaTeX Warning: Reference `fig:image0' on page 1 undefined on input line 37.

[1]

LaTeX Warning: Reference `fig:image1' on page 2 undefined on input line 39.

[2]

LaTeX Warning: Reference `fig:image5' on page 3 undefined on input line 52.

[3]
Overfull \hbox (2.14803pt too wide) in paragraph at lines 63--63
[]\TU/lmr/bx/n/12 Projected constraints on the dark matter-baryon cross-

LaTeX Warning: Reference `fig:image3' on page 4 undefined on input line 65.


LaTeX Warning: Reference `fig:image4' on page 4 undefined on input line 67.

[4]

LaTeX Warning: File `../input_files/plots/step_3_Nabs_vs_sigma_5_20260413_12263
4.png' not found on input line 73.

! Unable to load picture or PDF file '../input_files/plots/step_3_Nabs_vs_sigma
_5_20260413_122634.png'.
<to be read again> 
                   }
l.73 ...tep_3_Nabs_vs_sigma_5_20260413_122634.png}
                                                  
? 
! Package graphics Error: Division by 0.

See the graphics package documentation for explanation.
Type  H <return>  for immediate help.
 ...                                              
                                                  
l.73 ...tep_3_Nabs_vs_sigma_5_20260413_122634.png}
                                                  
? 
! Emergency stop.
 ...                                              
                                                  
l.73 ...tep_3_Nabs_vs_sigma_5_20260413_122634.png}
                                                  
Output written on Results_refined_v3.pdf (4 pages).
Transcript written on Results_refined_v3.log.
---- STDERR ----
---- STDOUT ----
This is XeTeX, Version 3.141592653-2.6-0.999994 (TeX Live 2022/Debian) (preloaded format=xelatex)
 restricted \write18 enabled.
entering extended mode
(./Results_refined.tex
LaTeX2e <2022-11-01> patch level 1
L3 programming layer <2023-01-16>
(/usr/share/texlive/texmf-dist/tex/latex/base/article.cls
Document Class: article 2022/07/02 v1.4n Standard LaTeX document class
(/usr/share/texlive/texmf-dist/tex/latex/base/size10.clo))
(/usr/share/texlive/texmf-dist/tex/latex/amsmath/amsmath.sty
For additional information on amsmath, use the `?' option.
(/usr/share/texlive/texmf-dist/tex/latex/amsmath/amstext.sty
(/usr/share/texlive/texmf-dist/tex/latex/amsmath/amsgen.sty))
(/usr/share/texlive/texmf-dist/tex/latex/amsmath/amsbsy.sty)
(/usr/share/texlive/texmf-dist/tex/latex/amsmath/amsopn.sty))
(/usr/share/texlive/texmf-dist/tex/latex/multirow/multirow.sty)
(/usr/share/texlive/texmf-dist/tex/latex/natbib/natbib.sty)
(/usr/share/texlive/texmf-dist/tex/latex/graphics/graphicx.sty
(/usr/share/texlive/texmf-dist/tex/latex/graphics/keyval.sty)
(/usr/share/texlive/texmf-dist/tex/latex/graphics/graphics.sty
(/usr/share/texlive/texmf-dist/tex/latex/graphics/trig.sty)
(/usr/share/texlive/texmf-dist/tex/latex/graphics-cfg/graphics.cfg)
(/usr/share/texlive/texmf-dist/tex/latex/graphics-def/xetex.def)))
(/usr/share/texlive/texmf-dist/tex/latex/l3backend/l3backend-xetex.def)
No file Results_refined.aux.
(/usr/share/texlive/texmf-dist/tex/latex/base/ts1cmr.fd)

LaTeX Warning: Reference `fig:image0' on page 1 undefined on input line 17.


LaTeX Warning: Reference `fig:image0' on page 1 undefined on input line 19.


LaTeX Warning: Reference `fig:image2' on page 1 undefined on input line 19.


LaTeX Warning: `!h' float specifier changed to `!ht'.


LaTeX Warning: Reference `fig:image0' on page 1 undefined on input line 37.

[1]

LaTeX Warning: Reference `fig:image1' on page 2 undefined on input line 39.

[2]

LaTeX Warning: Reference `fig:image5' on page 3 undefined on input line 52.


LaTeX Warning: Reference `fig:image1' on page 3 undefined on input line 52.

[3]
Overfull \hbox (2.14803pt too wide) in paragraph at lines 61--61
[]\TU/lmr/bx/n/12 Projected constraints on the dark matter-baryon cross-

LaTeX Warning: Reference `fig:image3' on page 4 undefined on input line 63.


LaTeX Warning: Reference `fig:image4' on page 4 undefined on input line 65.

[4]

LaTeX Warning: File `../input_files/plots/step_3_Nabs_vs_sigma_5_20260413_12263
4.png' not found on input line 71.

! Unable to load picture or PDF file '../input_files/plots/step_3_Nabs_vs_sigma
_5_20260413_122634.png'.
<to be read again> 
                   }
l.71 ...tep_3_Nabs_vs_sigma_5_20260413_122634.png}
                                                  
? 
! Package graphics Error: Division by 0.

See the graphics package documentation for explanation.
Type  H <return>  for immediate help.
 ...                                              
                                                  
l.71 ...tep_3_Nabs_vs_sigma_5_20260413_122634.png}
                                                  
? 
! Emergency stop.
 ...                                              
                                                  
l.71 ...tep_3_Nabs_vs_sigma_5_20260413_122634.png}
                                                  
Output written on Results_refined.pdf (4 pages).
Transcript written on Results_refined.log.
---- STDERR ----
---- STDOUT ----
This is XeTeX, Version 3.141592653-2.6-0.999994 (TeX Live 2022/Debian) (preloaded format=xelatex)
 restricted \write18 enabled.
entering extended mode
(./Results_refined_v1.tex
LaTeX2e <2022-11-01> patch level 1
L3 programming layer <2023-01-16>
(/usr/share/texlive/texmf-dist/tex/latex/base/article.cls
Document Class: article 2022/07/02 v1.4n Standard LaTeX document class
(/usr/share/texlive/texmf-dist/tex/latex/base/size10.clo))
(/usr/share/texlive/texmf-dist/tex/latex/amsmath/amsmath.sty
For additional information on amsmath, use the `?' option.
(/usr/share/texlive/texmf-dist/tex/latex/amsmath/amstext.sty
(/usr/share/texlive/texmf-dist/tex/latex/amsmath/amsgen.sty))
(/usr/share/texlive/texmf-dist/tex/latex/amsmath/amsbsy.sty)
(/usr/share/texlive/texmf-dist/tex/latex/amsmath/amsopn.sty))
(/usr/share/texlive/texmf-dist/tex/latex/multirow/multirow.sty)
(/usr/share/texlive/texmf-dist/tex/latex/natbib/natbib.sty)
(/usr/share/texlive/texmf-dist/tex/latex/graphics/graphicx.sty
(/usr/share/texlive/texmf-dist/tex/latex/graphics/keyval.sty)
(/usr/share/texlive/texmf-dist/tex/latex/graphics/graphics.sty
(/usr/share/texlive/texmf-dist/tex/latex/graphics/trig.sty)
(/usr/share/texlive/texmf-dist/tex/latex/graphics-cfg/graphics.cfg)
(/usr/share/texlive/texmf-dist/tex/latex/graphics-def/xetex.def)))
(/usr/share/texlive/texmf-dist/tex/latex/l3backend/l3backend-xetex.def)
No file Results_refined_v1.aux.
(/usr/share/texlive/texmf-dist/tex/latex/base/ts1cmr.fd)

LaTeX Warning: Reference `fig:image0' on page 1 undefined on input line 17.


LaTeX Warning: Reference `fig:image0' on page 1 undefined on input line 19.


LaTeX Warning: Reference `fig:image2' on page 1 undefined on input line 19.


LaTeX Warning: `!h' float specifier changed to `!ht'.


LaTeX Warning: Reference `fig:image0' on page 1 undefined on input line 37.

[1]

LaTeX Warning: Reference `fig:image1' on page 2 undefined on input line 39.

[2]

LaTeX Warning: Reference `fig:image5' on page 3 undefined on input line 52.


LaTeX Warning: Reference `fig:image1' on page 3 undefined on input line 52.

[3]
Overfull \hbox (2.14803pt too wide) in paragraph at lines 61--61
[]\TU/lmr/bx/n/12 Projected constraints on the dark matter-baryon cross-

LaTeX Warning: Reference `fig:image3' on page 4 undefined on input line 63.


LaTeX Warning: Reference `fig:image4' on page 4 undefined on input line 65.

[4]

LaTeX Warning: File `../input_files/plots/step_3_Nabs_vs_sigma_5_20260413_12263
4.png' not found on input line 71.

! Unable to load picture or PDF file '../input_files/plots/step_3_Nabs_vs_sigma
_5_20260413_122634.png'.
<to be read again> 
                   }
l.71 ...tep_3_Nabs_vs_sigma_5_20260413_122634.png}
                                                  
? 
! Package graphics Error: Division by 0.

See the graphics package documentation for explanation.
Type  H <return>  for immediate help.
 ...                                              
                                                  
l.71 ...tep_3_Nabs_vs_sigma_5_20260413_122634.png}
                                                  
? 
! Emergency stop.
 ...                                              
                                                  
l.71 ...tep_3_Nabs_vs_sigma_5_20260413_122634.png}
                                                  
Output written on Results_refined_v1.pdf (4 pages).
Transcript written on Results_refined_v1.log.
---- STDERR ----
---- STDOUT ----
This is XeTeX, Version 3.141592653-2.6-0.999994 (TeX Live 2022/Debian) (preloaded format=xelatex)
 restricted \write18 enabled.
entering extended mode
(./Results_refined_v2.tex
LaTeX2e <2022-11-01> patch level 1
L3 programming layer <2023-01-16>
(/usr/share/texlive/texmf-dist/tex/latex/base/article.cls
Document Class: article 2022/07/02 v1.4n Standard LaTeX document class
(/usr/share/texlive/texmf-dist/tex/latex/base/size10.clo))
(/usr/share/texlive/texmf-dist/tex/latex/amsmath/amsmath.sty
For additional information on amsmath, use the `?' option.
(/usr/share/texlive/texmf-dist/tex/latex/amsmath/amstext.sty
(/usr/share/texlive/texmf-dist/tex/latex/amsmath/amsgen.sty))
(/usr/share/texlive/texmf-dist/tex/latex/amsmath/amsbsy.sty)
(/usr/share/texlive/texmf-dist/tex/latex/amsmath/amsopn.sty))
(/usr/share/texlive/texmf-dist/tex/latex/multirow/multirow.sty)
(/usr/share/texlive/texmf-dist/tex/latex/natbib/natbib.sty)
(/usr/share/texlive/texmf-dist/tex/latex/graphics/graphicx.sty
(/usr/share/texlive/texmf-dist/tex/latex/graphics/keyval.sty)
(/usr/share/texlive/texmf-dist/tex/latex/graphics/graphics.sty
(/usr/share/texlive/texmf-dist/tex/latex/graphics/trig.sty)
(/usr/share/texlive/texmf-dist/tex/latex/graphics-cfg/graphics.cfg)
(/usr/share/texlive/texmf-dist/tex/latex/graphics-def/xetex.def)))
(/usr/share/texlive/texmf-dist/tex/latex/l3backend/l3backend-xetex.def)
No file Results_refined_v2.aux.
(/usr/share/texlive/texmf-dist/tex/latex/base/ts1cmr.fd)

LaTeX Warning: Reference `fig:image0' on page 1 undefined on input line 17.


LaTeX Warning: Reference `fig:image0' on page 1 undefined on input line 19.


LaTeX Warning: Reference `fig:image2' on page 1 undefined on input line 19.


LaTeX Warning: `!h' float specifier changed to `!ht'.


LaTeX Warning: Reference `fig:image0' on page 1 undefined on input line 37.

[1]

LaTeX Warning: Reference `fig:image1' on page 2 undefined on input line 39.

[2]

LaTeX Warning: Reference `fig:image5' on page 3 undefined on input line 52.


LaTeX Warning: Reference `fig:image1' on page 3 undefined on input line 52.

[3]
Overfull \hbox (2.14803pt too wide) in paragraph at lines 61--61
[]\TU/lmr/bx/n/12 Projected constraints on the dark matter-baryon cross-

LaTeX Warning: Reference `fig:image3' on page 4 undefined on input line 63.


LaTeX Warning: Reference `fig:image4' on page 4 undefined on input line 65.

[4]

LaTeX Warning: File `../input_files/plots/step_3_Nabs_vs_sigma_5_20260413_12263
4.png' not found on input line 71.

! Unable to load picture or PDF file '../input_files/plots/step_3_Nabs_vs_sigma
_5_20260413_122634.png'.
<to be read again> 
                   }
l.71 ...tep_3_Nabs_vs_sigma_5_20260413_122634.png}
                                                  
? 
! Package graphics Error: Division by 0.

See the graphics package documentation for explanation.
Type  H <return>  for immediate help.
 ...                                              
                                                  
l.71 ...tep_3_Nabs_vs_sigma_5_20260413_122634.png}
                                                  
? 
! Emergency stop.
 ...                                              
                                                  
l.71 ...tep_3_Nabs_vs_sigma_5_20260413_122634.png}
                                                  
Output written on Results_refined_v2.pdf (4 pages).
Transcript written on Results_refined_v2.log.
---- STDERR ----
---- STDOUT ----
This is XeTeX, Version 3.141592653-2.6-0.999994 (TeX Live 2022/Debian) (preloaded format=xelatex)
 restricted \write18 enabled.
entering extended mode
(./Results_refined_v3.tex
LaTeX2e <2022-11-01> patch level 1
L3 programming layer <2023-01-16>
(/usr/share/texlive/texmf-dist/tex/latex/base/article.cls
Document Class: article 2022/07/02 v1.4n Standard LaTeX document class
(/usr/share/texlive/texmf-dist/tex/latex/base/size10.clo))
(/usr/share/texlive/texmf-dist/tex/latex/amsmath/amsmath.sty
For additional information on amsmath, use the `?' option.
(/usr/share/texlive/texmf-dist/tex/latex/amsmath/amstext.sty
(/usr/share/texlive/texmf-dist/tex/latex/amsmath/amsgen.sty))
(/usr/share/texlive/texmf-dist/tex/latex/amsmath/amsbsy.sty)
(/usr/share/texlive/texmf-dist/tex/latex/amsmath/amsopn.sty))
(/usr/share/texlive/texmf-dist/tex/latex/multirow/multirow.sty)
(/usr/share/texlive/texmf-dist/tex/latex/natbib/natbib.sty)
(/usr/share/texlive/texmf-dist/tex/latex/graphics/graphicx.sty
(/usr/share/texlive/texmf-dist/tex/latex/graphics/keyval.sty)
(/usr/share/texlive/texmf-dist/tex/latex/graphics/graphics.sty
(/usr/share/texlive/texmf-dist/tex/latex/graphics/trig.sty)
(/usr/share/texlive/texmf-dist/tex/latex/graphics-cfg/graphics.cfg)
(/usr/share/texlive/texmf-dist/tex/latex/graphics-def/xetex.def)))
(/usr/share/texlive/texmf-dist/tex/latex/l3backend/l3backend-xetex.def)
No file Results_refined_v3.aux.
(/usr/share/texlive/texmf-dist/tex/latex/base/ts1cmr.fd)

LaTeX Warning: Reference `fig:image0' on page 1 undefined on input line 17.


LaTeX Warning: Reference `fig:image0' on page 1 undefined on input line 19.


LaTeX Warning: Reference `fig:image2' on page 1 undefined on input line 19.


LaTeX Warning: `!h' float specifier changed to `!ht'.


LaTeX Warning: Reference `fig:image0' on page 1 undefined on input line 37.

[1]

LaTeX Warning: Reference `fig:image1' on page 2 undefined on input line 39.

[2]

LaTeX Warning: Reference `fig:image5' on page 3 undefined on input line 52.


LaTeX Warning: Reference `fig:image1' on page 3 undefined on input line 52.

[3]
Overfull \hbox (2.14803pt too wide) in paragraph at lines 61--61
[]\TU/lmr/bx/n/12 Projected constraints on the dark matter-baryon cross-

LaTeX Warning: Reference `fig:image3' on page 4 undefined on input line 63.


LaTeX Warning: Reference `fig:image4' on page 4 undefined on input line 65.

[4]

LaTeX Warning: File `../input_files/plots/step_3_Nabs_vs_sigma_5_20260413_12263
4.png' not found on input line 71.

! Unable to load picture or PDF file '../input_files/plots/step_3_Nabs_vs_sigma
_5_20260413_122634.png'.
<to be read again> 
                   }
l.71 ...tep_3_Nabs_vs_sigma_5_20260413_122634.png}
                                                  
? 
! Package graphics Error: Division by 0.

See the graphics package documentation for explanation.
Type  H <return>  for immediate help.
 ...                                              
                                                  
l.71 ...tep_3_Nabs_vs_sigma_5_20260413_122634.png}
                                                  
? 
! Emergency stop.
 ...                                              
                                                  
l.71 ...tep_3_Nabs_vs_sigma_5_20260413_122634.png}
                                                  
Output written on Results_refined_v3.pdf (4 pages).
Transcript written on Results_refined_v3.log.
---- STDERR ----
